
=== Mon Nov 19 23:32:49 2018

Packages were changed.
Update Mode: mergeDefaultDependencies

The following packages were added:
  com.unity.package-manager-ui@2.1.0-preview.1
The following packages were updated:
  com.unity.analytics from version 3.0.5 to 3.0.9
  com.unity.collab-proxy from version 1.2.6 to 1.2.9
  com.unity.textmeshpro from version 1.2.1 to 1.3.0

=== Sat Dec 29 00:17:01 2018

Packages were changed.
Update Mode: updateDependencies

The following packages were updated:
  com.unity.package-manager-ui from version 2.1.0-preview.1 to 0.0.0-builtin

=== Fri Feb 22 22:31:55 2019

Packages were changed.
Update Mode: updateDependencies

The following packages were updated:
  com.unity.package-manager-ui from version 0.0.0-builtin to 2.0.3

=== Fri Feb 22 23:31:53 2019

Packages were changed.
Update Mode: resetToDefaultDependencies

The following packages were added:
  com.unity.analytics@3.2.2
  com.unity.purchasing@2.0.3
  com.unity.ads@2.0.8
  com.unity.collab-proxy@1.2.15
The following packages were removed:
  com.unity.cinemachine@2.2.8
  com.unity.render-pipelines.high-definition@5.2.3-preview

=== Thu Jun 13 23:34:15 2019

Packages were changed.
Update Mode: updateDependencies

The following packages were added:
  com.unity.timeline@1.0.0
  com.unity.multiplayer-hlapi@1.0.2
  com.unity.xr.legacyinputhelpers@2.0.2
The following packages were updated:
  com.unity.analytics from version 3.2.2 to 3.3.2
  com.unity.collab-proxy from version 1.2.15 to 1.2.16
  com.unity.package-manager-ui from version 2.0.3 to 2.1.2
  com.unity.purchasing from version 2.0.3 to 2.0.6
  com.unity.render-pipelines.high-definition from version 4.10.0-preview to 5.7.2-preview
  com.unity.textmeshpro from version 1.3.0 to 2.0.0
